<?xml version="1.0" encoding="UTF-8"?>
<testng-results ignored="0" total="17" passed="17" failed="0" skipped="0">
  <reporter-output>
  </reporter-output>
  <suite started-at="2025-09-03T11:38:22 IST" name="Suite" finished-at="2025-09-03T11:38:39 IST" duration-ms="16899">
    <groups>
      <group name="cucumber">
        <method signature="AbstractTestNGCucumberTests.runScenario(io.cucumber.testng.PickleWrapper,io.cucumber.testng.FeatureWrapper)[pri:0, instance:com.example.runner.CucumberRunnerTests@661972b0]" name="runScenario" class="io.cucumber.testng.AbstractTestNGCucumberTests"/>
      </group> <!-- cucumber -->
    </groups>
    <test started-at="2025-09-03T11:38:22 IST" name="Rest Assured, Cucumber with TestNG Test" finished-at="2025-09-03T11:38:39 IST" duration-ms="16899">
      <class name="com.example.runner.CucumberRunnerTests">
        <test-method is-config="true" signature="setUpClass(org.testng.ITestContext)[pri:0, instance:com.example.runner.CucumberRunnerTests@661972b0]" started-at="2025-09-03T11:38:22 IST" name="setUpClass" finished-at="2025-09-03T11:38:23 IST" duration-ms="871" status="PASS">
          <params>
            <param index="0">
              <value>
                <![CDATA[org.testng.TestRunner@1f6f0fe2]]>
              </value>
            </param>
          </params>
          <reporter-output>
          </reporter-output>
        </test-method> <!-- setUpClass -->
        <test-method signature="runScenario(io.cucumber.testng.PickleWrapper,io.cucumber.testng.FeatureWrapper)[pri:0, instance:com.example.runner.CucumberRunnerTests@661972b0]" started-at="2025-09-03T11:38:23 IST" name="runScenario" description="Runs Cucumber Scenarios" data-provider="scenarios" finished-at="2025-09-03T11:38:27 IST" duration-ms="3863" status="PASS">
          <params>
            <param index="0">
              <value>
                <![CDATA["Send a valid Request to get user details"]]>
              </value>
            </param>
            <param index="1">
              <value>
                <![CDATA["Validation of API endpoints for ReqRes demo"]]>
              </value>
            </param>
          </params>
          <reporter-output>
          </reporter-output>
        </test-method> <!-- runScenario -->
        <test-method signature="runScenario(io.cucumber.testng.PickleWrapper,io.cucumber.testng.FeatureWrapper)[pri:0, instance:com.example.runner.CucumberRunnerTests@661972b0]" started-at="2025-09-03T11:38:27 IST" name="runScenario" description="Runs Cucumber Scenarios" data-provider="scenarios" finished-at="2025-09-03T11:38:28 IST" duration-ms="391" status="PASS">
          <params>
            <param index="0">
              <value>
                <![CDATA["Retrieve a user by valid ID"]]>
              </value>
            </param>
            <param index="1">
              <value>
                <![CDATA["Validation of API endpoints for ReqRes demo"]]>
              </value>
            </param>
          </params>
          <reporter-output>
          </reporter-output>
        </test-method> <!-- runScenario -->
        <test-method signature="runScenario(io.cucumber.testng.PickleWrapper,io.cucumber.testng.FeatureWrapper)[pri:0, instance:com.example.runner.CucumberRunnerTests@661972b0]" started-at="2025-09-03T11:38:28 IST" name="runScenario" description="Runs Cucumber Scenarios" data-provider="scenarios" finished-at="2025-09-03T11:38:28 IST" duration-ms="703" status="PASS">
          <params>
            <param index="0">
              <value>
                <![CDATA["Retrieve a user with invalid ID"]]>
              </value>
            </param>
            <param index="1">
              <value>
                <![CDATA["Validation of API endpoints for ReqRes demo"]]>
              </value>
            </param>
          </params>
          <reporter-output>
          </reporter-output>
        </test-method> <!-- runScenario -->
        <test-method signature="runScenario(io.cucumber.testng.PickleWrapper,io.cucumber.testng.FeatureWrapper)[pri:0, instance:com.example.runner.CucumberRunnerTests@661972b0]" started-at="2025-09-03T11:38:28 IST" name="runScenario" description="Runs Cucumber Scenarios" data-provider="scenarios" finished-at="2025-09-03T11:38:29 IST" duration-ms="953" status="PASS">
          <params>
            <param index="0">
              <value>
                <![CDATA["Create a new user successfully"]]>
              </value>
            </param>
            <param index="1">
              <value>
                <![CDATA["Validation of API endpoints for ReqRes demo"]]>
              </value>
            </param>
          </params>
          <reporter-output>
          </reporter-output>
        </test-method> <!-- runScenario -->
        <test-method signature="runScenario(io.cucumber.testng.PickleWrapper,io.cucumber.testng.FeatureWrapper)[pri:0, instance:com.example.runner.CucumberRunnerTests@661972b0]" started-at="2025-09-03T11:38:29 IST" name="runScenario" description="Runs Cucumber Scenarios" data-provider="scenarios" finished-at="2025-09-03T11:38:30 IST" duration-ms="707" status="PASS">
          <params>
            <param index="0">
              <value>
                <![CDATA["Delete user successfully"]]>
              </value>
            </param>
            <param index="1">
              <value>
                <![CDATA["Validation of API endpoints for ReqRes demo"]]>
              </value>
            </param>
          </params>
          <reporter-output>
          </reporter-output>
        </test-method> <!-- runScenario -->
        <test-method signature="runScenario(io.cucumber.testng.PickleWrapper,io.cucumber.testng.FeatureWrapper)[pri:0, instance:com.example.runner.CucumberRunnerTests@661972b0]" started-at="2025-09-03T11:38:30 IST" name="runScenario" description="Runs Cucumber Scenarios" data-provider="scenarios" finished-at="2025-09-03T11:38:30 IST" duration-ms="482" status="PASS">
          <params>
            <param index="0">
              <value>
                <![CDATA["Retrieve all users with pagination"]]>
              </value>
            </param>
            <param index="1">
              <value>
                <![CDATA["Validation of API endpoints for ReqRes demo"]]>
              </value>
            </param>
          </params>
          <reporter-output>
          </reporter-output>
        </test-method> <!-- runScenario -->
        <test-method signature="runScenario(io.cucumber.testng.PickleWrapper,io.cucumber.testng.FeatureWrapper)[pri:0, instance:com.example.runner.CucumberRunnerTests@661972b0]" started-at="2025-09-03T11:38:30 IST" name="runScenario" description="Runs Cucumber Scenarios" data-provider="scenarios" finished-at="2025-09-03T11:38:31 IST" duration-ms="347" status="PASS">
          <params>
            <param index="0">
              <value>
                <![CDATA["Retrieve all users with pagination"]]>
              </value>
            </param>
            <param index="1">
              <value>
                <![CDATA["Validation of API endpoints for ReqRes demo"]]>
              </value>
            </param>
          </params>
          <reporter-output>
          </reporter-output>
        </test-method> <!-- runScenario -->
        <test-method signature="runScenario(io.cucumber.testng.PickleWrapper,io.cucumber.testng.FeatureWrapper)[pri:0, instance:com.example.runner.CucumberRunnerTests@661972b0]" started-at="2025-09-03T11:38:31 IST" name="runScenario" description="Runs Cucumber Scenarios" data-provider="scenarios" finished-at="2025-09-03T11:38:31 IST" duration-ms="467" status="PASS">
          <params>
            <param index="0">
              <value>
                <![CDATA["Retrieve a list of unknown resources"]]>
              </value>
            </param>
            <param index="1">
              <value>
                <![CDATA["Validation of API endpoints for ReqRes demo"]]>
              </value>
            </param>
          </params>
          <reporter-output>
          </reporter-output>
        </test-method> <!-- runScenario -->
        <test-method signature="runScenario(io.cucumber.testng.PickleWrapper,io.cucumber.testng.FeatureWrapper)[pri:0, instance:com.example.runner.CucumberRunnerTests@661972b0]" started-at="2025-09-03T11:38:31 IST" name="runScenario" description="Runs Cucumber Scenarios" data-provider="scenarios" finished-at="2025-09-03T11:38:32 IST" duration-ms="488" status="PASS">
          <params>
            <param index="0">
              <value>
                <![CDATA["Delete a user by ID"]]>
              </value>
            </param>
            <param index="1">
              <value>
                <![CDATA["Validation of API endpoints for ReqRes demo"]]>
              </value>
            </param>
          </params>
          <reporter-output>
          </reporter-output>
        </test-method> <!-- runScenario -->
        <test-method signature="runScenario(io.cucumber.testng.PickleWrapper,io.cucumber.testng.FeatureWrapper)[pri:0, instance:com.example.runner.CucumberRunnerTests@661972b0]" started-at="2025-09-03T11:38:32 IST" name="runScenario" description="Runs Cucumber Scenarios" data-provider="scenarios" finished-at="2025-09-03T11:38:32 IST" duration-ms="354" status="PASS">
          <params>
            <param index="0">
              <value>
                <![CDATA["Retrieve a specific unknown resource by ID"]]>
              </value>
            </param>
            <param index="1">
              <value>
                <![CDATA["Validation of API endpoints for ReqRes demo"]]>
              </value>
            </param>
          </params>
          <reporter-output>
          </reporter-output>
        </test-method> <!-- runScenario -->
        <test-method signature="runScenario(io.cucumber.testng.PickleWrapper,io.cucumber.testng.FeatureWrapper)[pri:0, instance:com.example.runner.CucumberRunnerTests@661972b0]" started-at="2025-09-03T11:38:32 IST" name="runScenario" description="Runs Cucumber Scenarios" data-provider="scenarios" finished-at="2025-09-03T11:38:33 IST" duration-ms="517" status="PASS">
          <params>
            <param index="0">
              <value>
                <![CDATA["Create a new user with a large payload"]]>
              </value>
            </param>
            <param index="1">
              <value>
                <![CDATA["Validation of API endpoints for ReqRes demo"]]>
              </value>
            </param>
          </params>
          <reporter-output>
          </reporter-output>
        </test-method> <!-- runScenario -->
        <test-method signature="runScenario(io.cucumber.testng.PickleWrapper,io.cucumber.testng.FeatureWrapper)[pri:0, instance:com.example.runner.CucumberRunnerTests@661972b0]" started-at="2025-09-03T11:38:33 IST" name="runScenario" description="Runs Cucumber Scenarios" data-provider="scenarios" finished-at="2025-09-03T11:38:33 IST" duration-ms="524" status="PASS">
          <params>
            <param index="0">
              <value>
                <![CDATA["Update user with partial data"]]>
              </value>
            </param>
            <param index="1">
              <value>
                <![CDATA["Validation of API endpoints for ReqRes demo"]]>
              </value>
            </param>
          </params>
          <reporter-output>
          </reporter-output>
        </test-method> <!-- runScenario -->
        <test-method signature="runScenario(io.cucumber.testng.PickleWrapper,io.cucumber.testng.FeatureWrapper)[pri:0, instance:com.example.runner.CucumberRunnerTests@661972b0]" started-at="2025-09-03T11:38:33 IST" name="runScenario" description="Runs Cucumber Scenarios" data-provider="scenarios" finished-at="2025-09-03T11:38:34 IST" duration-ms="643" status="PASS">
          <params>
            <param index="0">
              <value>
                <![CDATA["Delete user with invalid ID"]]>
              </value>
            </param>
            <param index="1">
              <value>
                <![CDATA["Validation of API endpoints for ReqRes demo"]]>
              </value>
            </param>
          </params>
          <reporter-output>
          </reporter-output>
        </test-method> <!-- runScenario -->
        <test-method signature="runScenario(io.cucumber.testng.PickleWrapper,io.cucumber.testng.FeatureWrapper)[pri:0, instance:com.example.runner.CucumberRunnerTests@661972b0]" started-at="2025-09-03T11:38:34 IST" name="runScenario" description="Runs Cucumber Scenarios" data-provider="scenarios" finished-at="2025-09-03T11:38:35 IST" duration-ms="1084" status="PASS">
          <params>
            <param index="0">
              <value>
                <![CDATA["Perform a comprehensive health check"]]>
              </value>
            </param>
            <param index="1">
              <value>
                <![CDATA["Validation of API endpoints for ReqRes demo"]]>
              </value>
            </param>
          </params>
          <reporter-output>
          </reporter-output>
        </test-method> <!-- runScenario -->
        <test-method signature="runScenario(io.cucumber.testng.PickleWrapper,io.cucumber.testng.FeatureWrapper)[pri:0, instance:com.example.runner.CucumberRunnerTests@661972b0]" started-at="2025-09-03T11:38:35 IST" name="runScenario" description="Runs Cucumber Scenarios" data-provider="scenarios" finished-at="2025-09-03T11:38:35 IST" duration-ms="668" status="PASS">
          <params>
            <param index="0">
              <value>
                <![CDATA["Register a new user with valid email and password"]]>
              </value>
            </param>
            <param index="1">
              <value>
                <![CDATA["Validation of API endpoints for ReqRes demo"]]>
              </value>
            </param>
          </params>
          <reporter-output>
          </reporter-output>
        </test-method> <!-- runScenario -->
        <test-method signature="runScenario(io.cucumber.testng.PickleWrapper,io.cucumber.testng.FeatureWrapper)[pri:0, instance:com.example.runner.CucumberRunnerTests@661972b0]" started-at="2025-09-03T11:38:35 IST" name="runScenario" description="Runs Cucumber Scenarios" data-provider="scenarios" finished-at="2025-09-03T11:38:36 IST" duration-ms="698" status="PASS">
          <params>
            <param index="0">
              <value>
                <![CDATA["Attempt to register a user with missing or invalid email/password"]]>
              </value>
            </param>
            <param index="1">
              <value>
                <![CDATA["Validation of API endpoints for ReqRes demo"]]>
              </value>
            </param>
          </params>
          <reporter-output>
          </reporter-output>
        </test-method> <!-- runScenario -->
        <test-method signature="runScenario(io.cucumber.testng.PickleWrapper,io.cucumber.testng.FeatureWrapper)[pri:0, instance:com.example.runner.CucumberRunnerTests@661972b0]" started-at="2025-09-03T11:38:36 IST" name="runScenario" description="Runs Cucumber Scenarios" data-provider="scenarios" finished-at="2025-09-03T11:38:37 IST" duration-ms="475" status="PASS">
          <params>
            <param index="0">
              <value>
                <![CDATA["Login a user with valid credentials"]]>
              </value>
            </param>
            <param index="1">
              <value>
                <![CDATA["Validation of API endpoints for ReqRes demo"]]>
              </value>
            </param>
          </params>
          <reporter-output>
          </reporter-output>
        </test-method> <!-- runScenario -->
        <test-method is-config="true" signature="tearDownClass()[pri:0, instance:com.example.runner.CucumberRunnerTests@661972b0]" started-at="2025-09-03T11:38:37 IST" name="tearDownClass" finished-at="2025-09-03T11:38:39 IST" duration-ms="2585" status="PASS">
          <reporter-output>
          </reporter-output>
        </test-method> <!-- tearDownClass -->
      </class> <!-- com.example.runner.CucumberRunnerTests -->
    </test> <!-- Rest Assured, Cucumber with TestNG Test -->
  </suite> <!-- Suite -->
</testng-results>
