<?xml version="1.0" encoding="UTF-8"?>
<testsuite xmlns:xsi="http://www.w3.org/2001/XMLSchema-instance" xsi:noNamespaceSchemaLocation="https://maven.apache.org/surefire/maven-surefire-plugin/xsd/surefire-test-report-3.0.xsd" version="3.0" name="TestSuite" time="11.942" tests="7" errors="0" skipped="0" failures="0">
  <properties>
[...]
</properties>
  <testcase name="runScenario[&quot;Send a valid Request to get user details&quot;, &quot;Validation of get method&quot;](1)" classname="com.example.runner.CucumberRunnerTests" time="3.85">
    <system-out><![CDATA[Status: 200
Body: {"data":{"id":2,"email":"janet.weaver@reqres.in","first_name":"Janet","last_name":"Weaver","avatar":"https://reqres.in/img/faces/2-image.jpg"},"support":{"url":"https://contentcaddy.io?utm_source=reqres&utm_medium=json&utm_campaign=referral","text":"Tired of writing endless social media content? Let Content Caddy generate it for you."}}
]]></system-out>
    <system-err><![CDATA[SLF4J: Failed to load class "org.slf4j.impl.StaticLoggerBinder".
SLF4J: Defaulting to no-operation (NOP) logger implementation
SLF4J: See http://www.slf4j.org/codes.html#StaticLoggerBinder for further details.
]]></system-err>
  </testcase>
  <testcase name="runScenario[&quot;Retrieve a user by valid ID&quot;, &quot;Validation of get method&quot;](2)" classname="com.example.runner.CucumberRunnerTests" time="0.387">
    <system-out><![CDATA[Status: 200
Body: {"data":{"id":2,"email":"janet.weaver@reqres.in","first_name":"Janet","last_name":"Weaver","avatar":"https://reqres.in/img/faces/2-image.jpg"},"support":{"url":"https://contentcaddy.io?utm_source=reqres&utm_medium=json&utm_campaign=referral","text":"Tired of writing endless social media content? Let Content Caddy generate it for you."}}
]]></system-out>
  </testcase>
  <testcase name="runScenario[&quot;Retrieve a user with invalid ID&quot;, &quot;Validation of get method&quot;](3)" classname="com.example.runner.CucumberRunnerTests" time="0.51">
    <system-out><![CDATA[Status: 404
Body: {}
Expected Status: 404
Actual Status: 404
Response Body: {}
]]></system-out>
  </testcase>
  <testcase name="runScenario[&quot;Create a new user successfully&quot;, &quot;Validation of get method&quot;](4)" classname="com.example.runner.CucumberRunnerTests" time="0.844">
    <system-out><![CDATA[Preparing to create user with name: John Doe and job: Software Engineer
Status: 201
Response Body: {"name":"John Doe","job":"Software Engineer","id":"89","createdAt":"2025-09-03T04:17:05.465Z"}
User created successfully with ID: 89
Created at: 2025-09-03T04:17:05.465Z
]]></system-out>
  </testcase>
  <testcase name="runScenario[&quot;Delete user successfully&quot;, &quot;Validation of get method&quot;](5)" classname="com.example.runner.CucumberRunnerTests" time="0.469">
    <system-out><![CDATA[DELETE Status: 204
DELETE Response: 
User deleted successfully
]]></system-out>
  </testcase>
  <testcase name="runScenario[&quot;Retrieve all users with pagination&quot;, &quot;Validation of get method&quot;](6)" classname="com.example.runner.CucumberRunnerTests" time="1.79">
    <system-out><![CDATA[Status: 200
Page requested: 1
Users returned: 6
]]></system-out>
  </testcase>
  <testcase name="runScenario[&quot;Retrieve all users with pagination&quot;, &quot;Validation of get method&quot;](7)" classname="com.example.runner.CucumberRunnerTests" time="0.326">
    <system-out><![CDATA[Status: 200
Page requested: 2
Users returned: 6
]]></system-out>
  </testcase>
</testsuite>