<?xml version="1.0" encoding="UTF-8"?>
<testng-results ignored="0" total="13" passed="13" failed="0" skipped="0">
  <reporter-output>
  </reporter-output>
  <suite started-at="2025-09-03T10:26:26 IST" name="Suite" finished-at="2025-09-03T10:26:43 IST" duration-ms="17046">
    <groups>
      <group name="cucumber">
        <method signature="AbstractTestNGCucumberTests.runScenario(io.cucumber.testng.PickleWrapper,io.cucumber.testng.FeatureWrapper)[pri:0, instance:com.example.runner.CucumberRunnerTests@661972b0]" name="runScenario" class="io.cucumber.testng.AbstractTestNGCucumberTests"/>
      </group> <!-- cucumber -->
    </groups>
    <test started-at="2025-09-03T10:26:26 IST" name="Rest Assured, Cucumber with TestNG Test" finished-at="2025-09-03T10:26:43 IST" duration-ms="17046">
      <class name="com.example.runner.CucumberRunnerTests">
        <test-method is-config="true" signature="setUpClass(org.testng.ITestContext)[pri:0, instance:com.example.runner.CucumberRunnerTests@661972b0]" started-at="2025-09-03T10:26:26 IST" name="setUpClass" finished-at="2025-09-03T10:26:27 IST" duration-ms="878" status="PASS">
          <params>
            <param index="0">
              <value>
                <![CDATA[org.testng.TestRunner@4ec0229c]]>
              </value>
            </param>
          </params>
          <reporter-output>
          </reporter-output>
        </test-method> <!-- setUpClass -->
        <test-method signature="runScenario(io.cucumber.testng.PickleWrapper,io.cucumber.testng.FeatureWrapper)[pri:0, instance:com.example.runner.CucumberRunnerTests@661972b0]" started-at="2025-09-03T10:26:27 IST" name="runScenario" description="Runs Cucumber Scenarios" data-provider="scenarios" finished-at="2025-09-03T10:26:31 IST" duration-ms="4069" status="PASS">
          <params>
            <param index="0">
              <value>
                <![CDATA["Send a valid Request to get user details"]]>
              </value>
            </param>
            <param index="1">
              <value>
                <![CDATA["Validation of get method"]]>
              </value>
            </param>
          </params>
          <reporter-output>
          </reporter-output>
        </test-method> <!-- runScenario -->
        <test-method signature="runScenario(io.cucumber.testng.PickleWrapper,io.cucumber.testng.FeatureWrapper)[pri:0, instance:com.example.runner.CucumberRunnerTests@661972b0]" started-at="2025-09-03T10:26:31 IST" name="runScenario" description="Runs Cucumber Scenarios" data-provider="scenarios" finished-at="2025-09-03T10:26:32 IST" duration-ms="382" status="PASS">
          <params>
            <param index="0">
              <value>
                <![CDATA["Retrieve a user by valid ID"]]>
              </value>
            </param>
            <param index="1">
              <value>
                <![CDATA["Validation of get method"]]>
              </value>
            </param>
          </params>
          <reporter-output>
          </reporter-output>
        </test-method> <!-- runScenario -->
        <test-method signature="runScenario(io.cucumber.testng.PickleWrapper,io.cucumber.testng.FeatureWrapper)[pri:0, instance:com.example.runner.CucumberRunnerTests@661972b0]" started-at="2025-09-03T10:26:32 IST" name="runScenario" description="Runs Cucumber Scenarios" data-provider="scenarios" finished-at="2025-09-03T10:26:32 IST" duration-ms="461" status="PASS">
          <params>
            <param index="0">
              <value>
                <![CDATA["Retrieve a user with invalid ID"]]>
              </value>
            </param>
            <param index="1">
              <value>
                <![CDATA["Validation of get method"]]>
              </value>
            </param>
          </params>
          <reporter-output>
          </reporter-output>
        </test-method> <!-- runScenario -->
        <test-method signature="runScenario(io.cucumber.testng.PickleWrapper,io.cucumber.testng.FeatureWrapper)[pri:0, instance:com.example.runner.CucumberRunnerTests@661972b0]" started-at="2025-09-03T10:26:32 IST" name="runScenario" description="Runs Cucumber Scenarios" data-provider="scenarios" finished-at="2025-09-03T10:26:33 IST" duration-ms="850" status="PASS">
          <params>
            <param index="0">
              <value>
                <![CDATA["Create a new user successfully"]]>
              </value>
            </param>
            <param index="1">
              <value>
                <![CDATA["Validation of get method"]]>
              </value>
            </param>
          </params>
          <reporter-output>
          </reporter-output>
        </test-method> <!-- runScenario -->
        <test-method signature="runScenario(io.cucumber.testng.PickleWrapper,io.cucumber.testng.FeatureWrapper)[pri:0, instance:com.example.runner.CucumberRunnerTests@661972b0]" started-at="2025-09-03T10:26:33 IST" name="runScenario" description="Runs Cucumber Scenarios" data-provider="scenarios" finished-at="2025-09-03T10:26:33 IST" duration-ms="651" status="PASS">
          <params>
            <param index="0">
              <value>
                <![CDATA["Delete user successfully"]]>
              </value>
            </param>
            <param index="1">
              <value>
                <![CDATA["Validation of get method"]]>
              </value>
            </param>
          </params>
          <reporter-output>
          </reporter-output>
        </test-method> <!-- runScenario -->
        <test-method signature="runScenario(io.cucumber.testng.PickleWrapper,io.cucumber.testng.FeatureWrapper)[pri:0, instance:com.example.runner.CucumberRunnerTests@661972b0]" started-at="2025-09-03T10:26:33 IST" name="runScenario" description="Runs Cucumber Scenarios" data-provider="scenarios" finished-at="2025-09-03T10:26:34 IST" duration-ms="412" status="PASS">
          <params>
            <param index="0">
              <value>
                <![CDATA["Retrieve all users with pagination"]]>
              </value>
            </param>
            <param index="1">
              <value>
                <![CDATA["Validation of get method"]]>
              </value>
            </param>
          </params>
          <reporter-output>
          </reporter-output>
        </test-method> <!-- runScenario -->
        <test-method signature="runScenario(io.cucumber.testng.PickleWrapper,io.cucumber.testng.FeatureWrapper)[pri:0, instance:com.example.runner.CucumberRunnerTests@661972b0]" started-at="2025-09-03T10:26:34 IST" name="runScenario" description="Runs Cucumber Scenarios" data-provider="scenarios" finished-at="2025-09-03T10:26:34 IST" duration-ms="408" status="PASS">
          <params>
            <param index="0">
              <value>
                <![CDATA["Retrieve all users with pagination"]]>
              </value>
            </param>
            <param index="1">
              <value>
                <![CDATA["Validation of get method"]]>
              </value>
            </param>
          </params>
          <reporter-output>
          </reporter-output>
        </test-method> <!-- runScenario -->
        <test-method signature="runScenario(io.cucumber.testng.PickleWrapper,io.cucumber.testng.FeatureWrapper)[pri:0, instance:com.example.runner.CucumberRunnerTests@661972b0]" started-at="2025-09-03T10:26:34 IST" name="runScenario" description="Runs Cucumber Scenarios" data-provider="scenarios" finished-at="2025-09-03T10:26:35 IST" duration-ms="539" status="PASS">
          <params>
            <param index="0">
              <value>
                <![CDATA["Create a new user with a large payload"]]>
              </value>
            </param>
            <param index="1">
              <value>
                <![CDATA["Validation of get method"]]>
              </value>
            </param>
          </params>
          <reporter-output>
          </reporter-output>
        </test-method> <!-- runScenario -->
        <test-method signature="runScenario(io.cucumber.testng.PickleWrapper,io.cucumber.testng.FeatureWrapper)[pri:0, instance:com.example.runner.CucumberRunnerTests@661972b0]" started-at="2025-09-03T10:26:35 IST" name="runScenario" description="Runs Cucumber Scenarios" data-provider="scenarios" finished-at="2025-09-03T10:26:35 IST" duration-ms="547" status="PASS">
          <params>
            <param index="0">
              <value>
                <![CDATA["Update user with partial data"]]>
              </value>
            </param>
            <param index="1">
              <value>
                <![CDATA["Validation of get method"]]>
              </value>
            </param>
          </params>
          <reporter-output>
          </reporter-output>
        </test-method> <!-- runScenario -->
        <test-method signature="runScenario(io.cucumber.testng.PickleWrapper,io.cucumber.testng.FeatureWrapper)[pri:0, instance:com.example.runner.CucumberRunnerTests@661972b0]" started-at="2025-09-03T10:26:35 IST" name="runScenario" description="Runs Cucumber Scenarios" data-provider="scenarios" finished-at="2025-09-03T10:26:36 IST" duration-ms="662" status="PASS">
          <params>
            <param index="0">
              <value>
                <![CDATA["Delete user with invalid ID"]]>
              </value>
            </param>
            <param index="1">
              <value>
                <![CDATA["Validation of get method"]]>
              </value>
            </param>
          </params>
          <reporter-output>
          </reporter-output>
        </test-method> <!-- runScenario -->
        <test-method signature="runScenario(io.cucumber.testng.PickleWrapper,io.cucumber.testng.FeatureWrapper)[pri:0, instance:com.example.runner.CucumberRunnerTests@661972b0]" started-at="2025-09-03T10:26:36 IST" name="runScenario" description="Runs Cucumber Scenarios" data-provider="scenarios" finished-at="2025-09-03T10:26:37 IST" duration-ms="947" status="PASS">
          <params>
            <param index="0">
              <value>
                <![CDATA["Perform a comprehensive health check"]]>
              </value>
            </param>
            <param index="1">
              <value>
                <![CDATA["Validation of get method"]]>
              </value>
            </param>
          </params>
          <reporter-output>
          </reporter-output>
        </test-method> <!-- runScenario -->
        <test-method signature="runScenario(io.cucumber.testng.PickleWrapper,io.cucumber.testng.FeatureWrapper)[pri:0, instance:com.example.runner.CucumberRunnerTests@661972b0]" started-at="2025-09-03T10:26:37 IST" name="runScenario" description="Runs Cucumber Scenarios" data-provider="scenarios" finished-at="2025-09-03T10:26:37 IST" duration-ms="437" status="PASS">
          <params>
            <param index="0">
              <value>
                <![CDATA["Retrieve an unknown resource with invalid ID"]]>
              </value>
            </param>
            <param index="1">
              <value>
                <![CDATA["Validation of get method"]]>
              </value>
            </param>
          </params>
          <reporter-output>
          </reporter-output>
        </test-method> <!-- runScenario -->
        <test-method signature="runScenario(io.cucumber.testng.PickleWrapper,io.cucumber.testng.FeatureWrapper)[pri:0, instance:com.example.runner.CucumberRunnerTests@661972b0]" started-at="2025-09-03T10:26:37 IST" name="runScenario" description="Runs Cucumber Scenarios" data-provider="scenarios" finished-at="2025-09-03T10:26:41 IST" duration-ms="3574" status="PASS">
          <params>
            <param index="0">
              <value>
                <![CDATA["Retrieve users with delay parameter"]]>
              </value>
            </param>
            <param index="1">
              <value>
                <![CDATA["Validation of get method"]]>
              </value>
            </param>
          </params>
          <reporter-output>
          </reporter-output>
        </test-method> <!-- runScenario -->
        <test-method is-config="true" signature="tearDownClass()[pri:0, instance:com.example.runner.CucumberRunnerTests@661972b0]" started-at="2025-09-03T10:26:41 IST" name="tearDownClass" finished-at="2025-09-03T10:26:43 IST" duration-ms="2173" status="PASS">
          <reporter-output>
          </reporter-output>
        </test-method> <!-- tearDownClass -->
      </class> <!-- com.example.runner.CucumberRunnerTests -->
    </test> <!-- Rest Assured, Cucumber with TestNG Test -->
  </suite> <!-- Suite -->
</testng-results>
